<?xml version="1.0" encoding="UTF-8"?>
<testng-results ignored="0" total="1" passed="1" failed="0" skipped="0">
  <reporter-output>
    <line>
      <![CDATA[Create Cutemer]]>
    </line>
  </reporter-output>
  <suite started-at="2023-06-07T19:27:22 IST" name="Suite" finished-at="2023-06-07T19:27:23 IST" duration-ms="97">
    <groups>
    </groups>
    <test started-at="2023-06-07T19:27:22 IST" name="Test" finished-at="2023-06-07T19:27:23 IST" duration-ms="97">
      <class name="com.actitime.testscript.CustomerModule">
        <test-method signature="createCustomer()[pri:0, instance:com.actitime.testscript.CustomerModule@6ce139a4]" started-at="2023-06-07T19:27:23 IST" name="createCustomer" finished-at="2023-06-07T19:27:23 IST" duration-ms="26" status="PASS">
          <reporter-output>
            <line>
              <![CDATA[Create Cutemer]]>
            </line>
          </reporter-output>
        </test-method> <!-- createCustomer -->
      </class> <!-- com.actitime.testscript.CustomerModule -->
    </test> <!-- Test -->
  </suite> <!-- Suite -->
</testng-results>
